<?xml version="1.0" encoding="UTF-8"?>
<testng-results ignored="0" total="1" passed="1" failed="0" skipped="0">
  <reporter-output>
  </reporter-output>
  <suite started-at="2023-05-16T06:52:17 IST" name="Default suite" finished-at="2023-05-16T06:52:41 IST" duration-ms="23940">
    <groups>
    </groups>
    <test started-at="2023-05-16T06:52:17 IST" name="Default test" finished-at="2023-05-16T06:52:41 IST" duration-ms="23940">
      <class name="Scripts.Testcase3">
        <test-method is-config="true" signature="openApp()[pri:0, instance:Scripts.Testcase3@3f197a46]" started-at="2023-05-16T06:52:17 IST" name="openApp" finished-at="2023-05-16T06:52:24 IST" duration-ms="7285" status="PASS">
          <reporter-output>
          </reporter-output>
        </test-method> <!-- openApp -->
        <test-method signature="tc3()[pri:0, instance:Scripts.Testcase3@3f197a46]" started-at="2023-05-16T06:52:24 IST" name="tc3" finished-at="2023-05-16T06:52:40 IST" duration-ms="16081" status="PASS">
          <reporter-output>
          </reporter-output>
        </test-method> <!-- tc3 -->
        <test-method is-config="true" signature="closeApp(org.testng.ITestResult)[pri:0, instance:Scripts.Testcase3@3f197a46]" started-at="2023-05-16T06:52:40 IST" name="closeApp" finished-at="2023-05-16T06:52:41 IST" duration-ms="494" status="PASS">
          <params>
            <param index="0">
              <value>
                <![CDATA[[TestResult name=tc3 status=SUCCESS method=Testcase3.tc3()[pri:0, instance:Scripts.Testcase3@3f197a46] output={null}]]]>
              </value>
            </param>
          </params>
          <reporter-output>
          </reporter-output>
        </test-method> <!-- closeApp -->
      </class> <!-- Scripts.Testcase3 -->
    </test> <!-- Default test -->
  </suite> <!-- Default suite -->
</testng-results>
